d:\c++\visual_studio\sdl_game_1\sdl_game_1\x64\debug\vc143.pdb
d:\c++\visual_studio\sdl_game_1\sdl_game_1\x64\debug\vc143.idb
d:\c++\visual_studio\sdl_game_1\sdl_game_1\x64\debug\main.obj
d:\c++\visual_studio\sdl_game_1\sdl_game_1\x64\debug\gamerendering.obj
d:\c++\visual_studio\sdl_game_1\sdl_game_1\x64\debug\gameflow.obj
d:\c++\visual_studio\sdl_game_1\sdl_game_1\x64\debug\enemylogic.obj
d:\c++\visual_studio\sdl_game_1\sdl_game_1\x64\debug\bulletlogic.obj
d:\c++\visual_studio\sdl_game_1\sdl_game_1\x64\debug\gamelogic.obj
d:\c++\visual_studio\sdl_game_1\x64\debug\sdl_game_1.exe
d:\c++\visual_studio\sdl_game_1\x64\debug\sdl_game_1.pdb
d:\c++\visual_studio\sdl_game_1\sdl_game_1\x64\debug\sdl_game_1.ilk
d:\c++\visual_studio\sdl_game_1\sdl_game_1\x64\debug\01_hello_sdl.obj
d:\c++\visual_studio\sdl_game_1\sdl_game_1\x64\debug\library.obj
d:\c++\visual_studio\sdl_game_1\sdl_game_1\x64\debug\sdl_game_1.tlog\cl.command.1.tlog
d:\c++\visual_studio\sdl_game_1\sdl_game_1\x64\debug\sdl_game_1.tlog\cl.items.tlog
d:\c++\visual_studio\sdl_game_1\sdl_game_1\x64\debug\sdl_game_1.tlog\cl.read.1.tlog
d:\c++\visual_studio\sdl_game_1\sdl_game_1\x64\debug\sdl_game_1.tlog\cl.write.1.tlog
d:\c++\visual_studio\sdl_game_1\sdl_game_1\x64\debug\sdl_game_1.tlog\link.command.1.tlog
d:\c++\visual_studio\sdl_game_1\sdl_game_1\x64\debug\sdl_game_1.tlog\link.read.1.tlog
d:\c++\visual_studio\sdl_game_1\sdl_game_1\x64\debug\sdl_game_1.tlog\link.secondary.1.tlog
d:\c++\visual_studio\sdl_game_1\sdl_game_1\x64\debug\sdl_game_1.tlog\link.write.1.tlog
